# JRE version: Java(TM) SE Runtime Environment (8.0_271-b09) (build 1.8.0_271-b09)
# Java VM: Java HotSpot(TM) 64-Bit Server VM (25.271-b09 mixed mode windows-amd64 compressed oops)
Heap:
 PSYoungGen      total 260608K, used 48392K [0x00000000d5f00000, 0x00000000e9580000, 0x0000000100000000)
  eden space 245760K, 14% used [0x00000000d5f00000,0x00000000d8294b40,0x00000000e4f00000)
  from space 14848K, 80% used [0x00000000e4f00000,0x00000000e5aad870,0x00000000e5d80000)
  to   space 15872K, 0% used [0x00000000e8600000,0x00000000e8600000,0x00000000e9580000)
 ParOldGen       total 146944K, used 32060K [0x0000000081c00000, 0x000000008ab80000, 0x00000000d5f00000)
  object space 146944K, 21% used [0x0000000081c00000,0x0000000083b4f3f0,0x000000008ab80000)
 Metaspace       used 65221K, capacity 69304K, committed 69656K, reserved 1110016K
  class space    used 8991K, capacity 9664K, committed 9776K, reserved 1048576K
GC Heap History (10 events):
Event: 4.876 GC heap before
{Heap before GC invocations=12 (full 2):
 PSYoungGen      total 175104K, used 164352K [0x00000000d5f00000, 0x00000000e4a80000, 0x0000000100000000)
  eden space 164352K, 100% used [0x00000000d5f00000,0x00000000dff80000,0x00000000dff80000)
  from space 10752K, 0% used [0x00000000dff80000,0x00000000dff80000,0x00000000e0a00000)
  to   space 10752K, 0% used [0x00000000e4000000,0x00000000e4000000,0x00000000e4a80000)
 ParOldGen       total 92160K, used 13094K [0x0000000081c00000, 0x0000000087600000, 0x00000000d5f00000)
  object space 92160K, 14% used [0x0000000081c00000,0x00000000828c9818,0x0000000087600000)
 Metaspace       used 43065K, capacity 45480K, committed 45744K, reserved 1089536K
  class space    used 5568K, capacity 5974K, committed 6064K, reserved 1048576K
Event: 4.886 GC heap after
Heap after GC invocations=12 (full 2):
 PSYoungGen      total 211456K, used 10749K [0x00000000d5f00000, 0x00000000e4a80000, 0x0000000100000000)
  eden space 200704K, 0% used [0x00000000d5f00000,0x00000000d5f00000,0x00000000e2300000)
  from space 10752K, 99% used [0x00000000e4000000,0x00000000e4a7f600,0x00000000e4a80000)
  to   space 13312K, 0% used [0x00000000e3080000,0x00000000e3080000,0x00000000e3d80000)
 ParOldGen       total 92160K, used 16435K [0x0000000081c00000, 0x0000000087600000, 0x00000000d5f00000)
  object space 92160K, 17% used [0x0000000081c00000,0x0000000082c0cc28,0x0000000087600000)
 Metaspace       used 43065K, capacity 45480K, committed 45744K, reserved 1089536K
  class space    used 5568K, capacity 5974K, committed 6064K, reserved 1048576K
}
Event: 5.484 GC heap before
{Heap before GC invocations=13 (full 2):
 PSYoungGen      total 211456K, used 211453K [0x00000000d5f00000, 0x00000000e4a80000, 0x0000000100000000)
  eden space 200704K, 100% used [0x00000000d5f00000,0x00000000e2300000,0x00000000e2300000)
  from space 10752K, 99% used [0x00000000e4000000,0x00000000e4a7f600,0x00000000e4a80000)
  to   space 13312K, 0% used [0x00000000e3080000,0x00000000e3080000,0x00000000e3d80000)
 ParOldGen       total 92160K, used 16435K [0x0000000081c00000, 0x0000000087600000, 0x00000000d5f00000)
  object space 92160K, 17% used [0x0000000081c00000,0x0000000082c0cc28,0x0000000087600000)
 Metaspace       used 49586K, capacity 52148K, committed 52272K, reserved 1093632K
  class space    used 6700K, capacity 7148K, committed 7216K, reserved 1048576K
Event: 5.495 GC heap after
Heap after GC invocations=13 (full 2):
 PSYoungGen      total 227840K, used 8891K [0x00000000d5f00000, 0x00000000e6a80000, 0x0000000100000000)
  eden space 214528K, 0% used [0x00000000d5f00000,0x00000000d5f00000,0x00000000e3080000)
  from space 13312K, 66% used [0x00000000e3080000,0x00000000e392ec08,0x00000000e3d80000)
  to   space 13312K, 0% used [0x00000000e5d80000,0x00000000e5d80000,0x00000000e6a80000)
 ParOldGen       total 92160K, used 24877K [0x0000000081c00000, 0x0000000087600000, 0x00000000d5f00000)
  object space 92160K, 26% used [0x0000000081c00000,0x000000008344b7a0,0x0000000087600000)
 Metaspace       used 49586K, capacity 52148K, committed 52272K, reserved 1093632K
  class space    used 6700K, capacity 7148K, committed 7216K, reserved 1048576K
}
Event: 6.072 GC heap before
{Heap before GC invocations=14 (full 2):
 PSYoungGen      total 227840K, used 188305K [0x00000000d5f00000, 0x00000000e6a80000, 0x0000000100000000)
  eden space 214528K, 83% used [0x00000000d5f00000,0x00000000e0e358c8,0x00000000e3080000)
  from space 13312K, 66% used [0x00000000e3080000,0x00000000e392ec08,0x00000000e3d80000)
  to   space 13312K, 0% used [0x00000000e5d80000,0x00000000e5d80000,0x00000000e6a80000)
 ParOldGen       total 92160K, used 24877K [0x0000000081c00000, 0x0000000087600000, 0x00000000d5f00000)
  object space 92160K, 26% used [0x0000000081c00000,0x000000008344b7a0,0x0000000087600000)
 Metaspace       used 56049K, capacity 59076K, committed 59160K, reserved 1099776K
  class space    used 7705K, capacity 8218K, committed 8240K, reserved 1048576K
Event: 6.081 GC heap after
Heap after GC invocations=14 (full 2):
 PSYoungGen      total 259072K, used 12696K [0x00000000d5f00000, 0x00000000e7e80000, 0x0000000100000000)
  eden space 245760K, 0% used [0x00000000d5f00000,0x00000000d5f00000,0x00000000e4f00000)
  from space 13312K, 95% used [0x00000000e5d80000,0x00000000e69e6340,0x00000000e6a80000)
  to   space 14848K, 0% used [0x00000000e4f00000,0x00000000e4f00000,0x00000000e5d80000)
 ParOldGen       total 92160K, used 24885K [0x0000000081c00000, 0x0000000087600000, 0x00000000d5f00000)
  object space 92160K, 27% used [0x0000000081c00000,0x000000008344d7a0,0x0000000087600000)
 Metaspace       used 56049K, capacity 59076K, committed 59160K, reserved 1099776K
  class space    used 7705K, capacity 8218K, committed 8240K, reserved 1048576K
}
Event: 6.081 GC heap before
{Heap before GC invocations=15 (full 3):
 PSYoungGen      total 259072K, used 12696K [0x00000000d5f00000, 0x00000000e7e80000, 0x0000000100000000)
  eden space 245760K, 0% used [0x00000000d5f00000,0x00000000d5f00000,0x00000000e4f00000)
  from space 13312K, 95% used [0x00000000e5d80000,0x00000000e69e6340,0x00000000e6a80000)
  to   space 14848K, 0% used [0x00000000e4f00000,0x00000000e4f00000,0x00000000e5d80000)
 ParOldGen       total 92160K, used 24885K [0x0000000081c00000, 0x0000000087600000, 0x00000000d5f00000)
  object space 92160K, 27% used [0x0000000081c00000,0x000000008344d7a0,0x0000000087600000)
 Metaspace       used 56049K, capacity 59076K, committed 59160K, reserved 1099776K
  class space    used 7705K, capacity 8218K, committed 8240K, reserved 1048576K
Event: 6.237 GC heap after
Heap after GC invocations=15 (full 3):
 PSYoungGen      total 259072K, used 0K [0x00000000d5f00000, 0x00000000e7e80000, 0x0000000100000000)
  eden space 245760K, 0% used [0x00000000d5f00000,0x00000000d5f00000,0x00000000e4f00000)
  from space 13312K, 0% used [0x00000000e5d80000,0x00000000e5d80000,0x00000000e6a80000)
  to   space 14848K, 0% used [0x00000000e4f00000,0x00000000e4f00000,0x00000000e5d80000)
 ParOldGen       total 146944K, used 32052K [0x0000000081c00000, 0x000000008ab80000, 0x00000000d5f00000)
  object space 146944K, 21% used [0x0000000081c00000,0x0000000083b4d3f0,0x000000008ab80000)
 Metaspace       used 56049K, capacity 59076K, committed 59160K, reserved 1099776K
  class space    used 7705K, capacity 8218K, committed 8240K, reserved 1048576K
}
Event: 7.557 GC heap before
{Heap before GC invocations=16 (full 3):
 PSYoungGen      total 259072K, used 245760K [0x00000000d5f00000, 0x00000000e7e80000, 0x0000000100000000)
  eden space 245760K, 100% used [0x00000000d5f00000,0x00000000e4f00000,0x00000000e4f00000)
  from space 13312K, 0% used [0x00000000e5d80000,0x00000000e5d80000,0x00000000e6a80000)
  to   space 14848K, 0% used [0x00000000e4f00000,0x00000000e4f00000,0x00000000e5d80000)
 ParOldGen       total 146944K, used 32052K [0x0000000081c00000, 0x000000008ab80000, 0x00000000d5f00000)
  object space 146944K, 21% used [0x0000000081c00000,0x0000000083b4d3f0,0x000000008ab80000)
 Metaspace       used 64315K, capacity 68256K, committed 68376K, reserved 1107968K
  class space    used 8855K, capacity 9492K, committed 9520K, reserved 1048576K
Event: 7.568 GC heap after
Heap after GC invocations=16 (full 3):
 PSYoungGen      total 260608K, used 11958K [0x00000000d5f00000, 0x00000000e9580000, 0x0000000100000000)
  eden space 245760K, 0% used [0x00000000d5f00000,0x00000000d5f00000,0x00000000e4f00000)
  from space 14848K, 80% used [0x00000000e4f00000,0x00000000e5aad870,0x00000000e5d80000)
  to   space 15872K, 0% used [0x00000000e8600000,0x00000000e8600000,0x00000000e9580000)
 ParOldGen       total 146944K, used 32060K [0x0000000081c00000, 0x000000008ab80000, 0x00000000d5f00000)
  object space 146944K, 21% used [0x0000000081c00000,0x0000000083b4f3f0,0x000000008ab80000)
 Metaspace       used 64315K, capacity 68256K, committed 68376K, reserved 1107968K
  class space    used 8855K, capacity 9492K, committed 9520K, reserved 1048576K
}

